[ WARN ] Keyword 'Capture Page Screenshot' could not be run on failure: Message: no such window: target window already closed
from unknown error: web view not found
  (Session info: chrome=109.0.5414.119)
Stacktrace:
Backtrace:
	(No symbol) [0x008BF243]
	(No symbol) [0x00847FD1]
	(No symbol) [0x0073D04D]
	(No symbol) [0x00722D7A]
	(No symbol) [0x0078BE7B]
	(No symbol) [0x0079C196]
	(No symbol) [0x00788386]
	(No symbol) [0x0076163C]
	(No symbol) [0x0076269D]
	GetHandleVerifier [0x00B59A22+2655074]
	GetHandleVerifier [0x00B4CA24+2601828]
	GetHandleVerifier [0x00968C0A+619850]
	GetHandleVerifier [0x00967830+614768]
	(No symbol) [0x008505FC]
	(No symbol) [0x00855968]
	(No symbol) [0x00855A55]
	(No symbol) [0x0086051B]
	BaseThreadInitThunk [0x76E100F9+25]
	RtlGetAppContainerNamedObjectPath [0x77CC7BBE+286]
	RtlGetAppContainerNamedObjectPath [0x77CC7B8E+238]

